f:\cpp projects\pokemon\pokemon\pokemon\x64\debug\vc143.pdb
f:\cpp projects\pokemon\pokemon\pokemon\x64\debug\vc143.idb
f:\cpp projects\pokemon\pokemon\pokemon\x64\debug\utility.obj
f:\cpp projects\pokemon\pokemon\pokemon\x64\debug\pokemon.obj
f:\cpp projects\pokemon\pokemon\pokemon\x64\debug\professoroak.obj
f:\cpp projects\pokemon\pokemon\pokemon\x64\debug\main.obj
f:\cpp projects\pokemon\pokemon\pokemon\x64\debug\player.obj
d:\viresh\reps\pokemon\pokemon\pokemon\x64\debug\vc143.pdb
d:\viresh\reps\pokemon\pokemon\pokemon\x64\debug\vc143.idb
d:\viresh\reps\pokemon\pokemon\pokemon\x64\debug\utility.obj
d:\viresh\reps\pokemon\pokemon\pokemon\x64\debug\professoroak.obj
d:\viresh\reps\pokemon\pokemon\pokemon\x64\debug\pokemon.obj
d:\viresh\reps\pokemon\pokemon\pokemon\x64\debug\player.obj
d:\viresh\reps\pokemon\pokemon\pokemon\x64\debug\main.obj
d:\viresh\reps\pokemon\pokemon\pokemon\x64\debug\battlemanager.obj
f:\cpp projects\pokemon\pokemon\pokemon\x64\debug\battlemanager.obj
f:\cpp projects\pokemon\pokemon\x64\debug\pokemon.exe
f:\cpp projects\pokemon\pokemon\x64\debug\pokemon.pdb
f:\cpp projects\pokemon\pokemon\pokemon\x64\debug\pokemon.ilk
f:\cpp projects\pokemon\pokemon\pokemon\x64\debug\pokemon.tlog\cl.command.1.tlog
f:\cpp projects\pokemon\pokemon\pokemon\x64\debug\pokemon.tlog\cl.items.tlog
f:\cpp projects\pokemon\pokemon\pokemon\x64\debug\pokemon.tlog\cl.read.1.tlog
f:\cpp projects\pokemon\pokemon\pokemon\x64\debug\pokemon.tlog\cl.write.1.tlog
f:\cpp projects\pokemon\pokemon\pokemon\x64\debug\pokemon.tlog\link.command.1.tlog
f:\cpp projects\pokemon\pokemon\pokemon\x64\debug\pokemon.tlog\link.read.1.tlog
f:\cpp projects\pokemon\pokemon\pokemon\x64\debug\pokemon.tlog\link.secondary.1.tlog
f:\cpp projects\pokemon\pokemon\pokemon\x64\debug\pokemon.tlog\link.write.1.tlog
